<?xml version="1.0" encoding="UTF-8"?>
<testng-results skipped="0" failed="0" total="1" passed="1">
  <reporter-output>
  </reporter-output>
  <suite name="Default suite" duration-ms="7774" started-at="2020-01-09T13:33:24Z" finished-at="2020-01-09T13:33:31Z">
    <groups>
    </groups>
    <test name="Default test" duration-ms="7774" started-at="2020-01-09T13:33:24Z" finished-at="2020-01-09T13:33:31Z">
      <class name="com.basics.TestSelenium">
        <test-method status="PASS" signature="launch()[pri:0, instance:com.basics.TestSelenium@6093dd95]" name="launch" duration-ms="7765" started-at="2020-01-09T19:03:24Z" finished-at="2020-01-09T19:03:31Z">
          <reporter-output>
          </reporter-output>
        </test-method> <!-- launch -->
      </class> <!-- com.basics.TestSelenium -->
    </test> <!-- Default test -->
  </suite> <!-- Default suite -->
</testng-results>
